<?xml version="1.0" encoding="UTF-8"?>
<!-- Generated by org.testng.reporters.JUnitReportReporter -->
<testsuite hostname="DESKTOP-858RMVH" failures="0" tests="1" name="testCases.TC_001_AccountRegistrationTest" time="8.124" errors="0" timestamp="2023-02-15T20:44:45 IST" skipped="0">
  <testcase classname="testCases.TC_001_AccountRegistrationTest" name="test_account_Registration" time="8.124"/>
  <system-out/>
</testsuite> <!-- testCases.TC_001_AccountRegistrationTest -->
