<?xml version="1.0" encoding="UTF-8"?>
<!-- Generated by org.testng.reporters.JUnitReportReporter -->
<testsuite hostname="DESKTOP-858RMVH" failures="0" tests="1" name="testCases.TC_007_EndToEndTest" time="22.612" errors="0" timestamp="2023-02-19T16:24:20 IST" skipped="0">
  <testcase classname="testCases.TC_007_EndToEndTest" name="endToendTest" time="22.612"/>
  <system-out/>
</testsuite> <!-- testCases.TC_007_EndToEndTest -->
