<?xml version="1.0" encoding="UTF-8"?>
<!-- Generated by org.testng.reporters.JUnitReportReporter -->
<testsuite hostname="DESKTOP-858RMVH" failures="0" tests="1" name="testCases.TC_004_SearchProductTest" time="0.767" errors="0" timestamp="2023-02-19T16:24:20 IST" skipped="0">
  <testcase classname="testCases.TC_004_SearchProductTest" name="test_pruductSearch" time="0.767"/>
  <system-out/>
</testsuite> <!-- testCases.TC_004_SearchProductTest -->
