<?xml version="1.0" encoding="UTF-8"?>
<!-- Generated by org.testng.reporters.JUnitReportReporter -->
<testsuite hostname="DESKTOP-858RMVH" failures="0" tests="1" name="testCases.TC_005_AddToCartTest" time="5.229" errors="0" timestamp="2023-02-15T20:44:45 IST" skipped="0">
  <testcase classname="testCases.TC_005_AddToCartTest" name="addToCartTest" time="5.229"/>
  <system-out/>
</testsuite> <!-- testCases.TC_005_AddToCartTest -->
