<?xml version="1.0" encoding="UTF-8"?>
<!-- Generated by org.testng.reporters.JUnitReportReporter -->
<testsuite hostname="DESKTOP-858RMVH" failures="0" tests="1" name="testCases.TC_006_EndToEndTest" time="27.331" errors="0" timestamp="2023-02-09T19:30:25 IST" skipped="0">
  <testcase classname="testCases.TC_006_EndToEndTest" name="endToendTest" time="27.331"/>
  <system-out/>
</testsuite> <!-- testCases.TC_006_EndToEndTest -->
