<?xml version="1.0" encoding="UTF-8"?>
<!-- Generated by org.testng.reporters.JUnitReportReporter -->
<testsuite hostname="DESKTOP-858RMVH" failures="0" tests="1" name="testCases.TC_001_AccountRegistrationTest" time="9.667" errors="0" timestamp="2023-02-03T14:11:35 IST" skipped="0">
  <testcase classname="testCases.TC_001_AccountRegistrationTest" name="test_account_Registration" time="9.667"/>
  <system-out/>
</testsuite> <!-- testCases.TC_001_AccountRegistrationTest -->
