<?xml version="1.0" encoding="UTF-8"?>
<!-- Generated by org.testng.reporters.JUnitReportReporter -->
<testsuite hostname="DESKTOP-858RMVH" failures="0" tests="1" name="testCases.TC_005_AddToCartTest" time="5.362" errors="0" timestamp="2023-02-19T16:24:20 IST" skipped="0">
  <testcase classname="testCases.TC_005_AddToCartTest" name="addToCartTest" time="5.362"/>
  <system-out/>
</testsuite> <!-- testCases.TC_005_AddToCartTest -->
