<?xml version="1.0" encoding="UTF-8"?>
<!-- Generated by org.testng.reporters.JUnitReportReporter -->
<testsuite hostname="DESKTOP-858RMVH" failures="0" tests="1" name="testCases.TC_007_EndToEndTest" time="22.521" errors="0" timestamp="2023-02-15T20:44:45 IST" skipped="0">
  <testcase classname="testCases.TC_007_EndToEndTest" name="endToendTest" time="22.521"/>
  <system-out/>
</testsuite> <!-- testCases.TC_007_EndToEndTest -->
