<?xml version="1.0" encoding="UTF-8"?>
<!-- Generated by org.testng.reporters.JUnitReportReporter -->
<testsuite hostname="DESKTOP-858RMVH" failures="0" tests="1" name="testCases.TC_008_CheckoutTest" time="15.348" errors="0" timestamp="2023-02-12T21:12:30 IST" skipped="0">
  <testcase classname="testCases.TC_008_CheckoutTest" name="CheckoutTest" time="15.348"/>
  <system-out/>
</testsuite> <!-- testCases.TC_008_CheckoutTest -->
