<?xml version="1.0" encoding="UTF-8"?>
<!-- Generated by org.testng.reporters.JUnitReportReporter -->
<testsuite hostname="DESKTOP-858RMVH" failures="0" tests="1" name="testCases.TC_007_EndToEndTest" time="25.229" errors="0" timestamp="2023-03-22T21:59:34 IST" skipped="0">
  <testcase classname="testCases.TC_007_EndToEndTest" name="endToendTest" time="25.229"/>
  <system-out/>
</testsuite> <!-- testCases.TC_007_EndToEndTest -->
